<?xml version="1.0" encoding="UTF-8"?>
<!-- Generated by org.testng.reporters.JUnitXMLReporter -->
<testsuite ignored="0" hostname="AishwaryaShinde" failures="0" tests="6" name="Surefire test" time="21.373" errors="0" timestamp="2026-05-27T17:05:12 IST">
  <testcase classname="com.saucedemo.ai.tests.LoginRegressionTest" name="verifyLoginValidation" time="0.497"/>
  <testcase classname="com.saucedemo.ai.tests.LoginRegressionTest" name="verifyLoginValidation" time="0.464"/>
  <testcase classname="com.saucedemo.ai.tests.LoginRegressionTest" name="verifyLoginValidation" time="0.511"/>
  <testcase classname="com.saucedemo.ai.tests.LoginRegressionTest" name="verifyLoginValidation" time="0.7"/>
  <testcase classname="com.saucedemo.ai.tests.LoginRegressionTest" name="verifyLoginValidation" time="0.636"/>
  <testcase classname="com.saucedemo.ai.tests.LoginRegressionTest" name="verifyPriorityLoginValidation" time="0.562"/>
</testsuite> <!-- Surefire test -->
