<?xml version="1.0" encoding="UTF-8"?>
<testng-results ignored="0" total="15" passed="15" failed="0" skipped="0">
  <reporter-output>
  </reporter-output>
  <suite started-at="2026-05-27T17:54:05 IST" name="SauceDemo Priority Regression Suite" finished-at="2026-05-27T17:55:09 IST" duration-ms="63989">
    <groups>
      <group name="priority">
        <method signature="CartRegressionTest.verifyPriorityCartFunctionality(java.util.Map)[pri:0, instance:com.saucedemo.ai.tests.CartRegressionTest@3a93b025]" name="verifyPriorityCartFunctionality" class="com.saucedemo.ai.tests.CartRegressionTest"/>
        <method signature="CheckoutRegressionTest.verifyPriorityCheckoutAndOrderFlow(java.util.Map)[pri:0, instance:com.saucedemo.ai.tests.CheckoutRegressionTest@35cabb2a]" name="verifyPriorityCheckoutAndOrderFlow" class="com.saucedemo.ai.tests.CheckoutRegressionTest"/>
        <method signature="LoginRegressionTest.verifyPriorityLoginValidation(java.util.Map)[pri:0, instance:com.saucedemo.ai.tests.LoginRegressionTest@5c5eefef]" name="verifyPriorityLoginValidation" class="com.saucedemo.ai.tests.LoginRegressionTest"/>
        <method signature="NavigationSecurityRegressionTest.verifyPriorityNavigationSessionAndSecurity(java.util.Map)[pri:0, instance:com.saucedemo.ai.tests.NavigationSecurityRegressionTest@7e07db1f]" name="verifyPriorityNavigationSessionAndSecurity" class="com.saucedemo.ai.tests.NavigationSecurityRegressionTest"/>
        <method signature="ProductCatalogRegressionTest.verifyPriorityProductCatalogFeatures(java.util.Map)[pri:0, instance:com.saucedemo.ai.tests.ProductCatalogRegressionTest@79e2c065]" name="verifyPriorityProductCatalogFeatures" class="com.saucedemo.ai.tests.ProductCatalogRegressionTest"/>
        <method signature="UserInterfaceRegressionTest.verifyPriorityUserInterfaceValidation(java.util.Map)[pri:0, instance:com.saucedemo.ai.tests.UserInterfaceRegressionTest@1189dd52]" name="verifyPriorityUserInterfaceValidation" class="com.saucedemo.ai.tests.UserInterfaceRegressionTest"/>
      </group> <!-- priority -->
    </groups>
    <test started-at="2026-05-27T17:54:05 IST" name="Priority Regression Tests" finished-at="2026-05-27T17:55:09 IST" duration-ms="63989">
      <class name="com.saucedemo.ai.tests.LoginRegressionTest">
        <test-method is-config="true" signature="setUpSuite()[pri:0, instance:com.saucedemo.ai.tests.LoginRegressionTest@5c5eefef]" started-at="2026-05-27T17:54:04 IST" name="setUpSuite" finished-at="2026-05-27T17:54:05 IST" duration-ms="288" status="PASS">
          <reporter-output>
          </reporter-output>
        </test-method> <!-- setUpSuite -->
        <test-method is-config="true" signature="setUp(java.lang.reflect.Method,[Ljava.lang.Object;)[pri:0, instance:com.saucedemo.ai.tests.LoginRegressionTest@5c5eefef]" started-at="2026-05-27T17:54:06 IST" name="setUp" finished-at="2026-05-27T17:54:10 IST" duration-ms="4136" status="PASS">
          <params>
            <param index="0">
              <value>
                <![CDATA[public void com.saucedemo.ai.tests.LoginRegressionTest.verifyPriorityLoginValidation(java.util.Map)]]>
              </value>
            </param>
            <param index="1">
              <value>
                <![CDATA[[Ljava.lang.Object;@289cf7db]]>
              </value>
            </param>
          </params>
          <reporter-output>
          </reporter-output>
        </test-method> <!-- setUp -->
        <test-method signature="verifyPriorityLoginValidation(java.util.Map)[pri:0, instance:com.saucedemo.ai.tests.LoginRegressionTest@5c5eefef]" started-at="2026-05-27T17:54:10 IST" name="verifyPriorityLoginValidation" data-provider="loginPriorityCases" finished-at="2026-05-27T17:54:12 IST" duration-ms="1465" status="PASS">
          <params>
            <param index="0">
              <value>
                <![CDATA[{Test Case ID=TC_001, Scenario ID=SC_001, Scenario Description=User Login Validation, Test Case Description=Login with valid credentials, Type=Positive, Priority=High, Test Steps=1. Open https://www.saucedemo.com/
2. Enter valid username
3. Enter valid password
4. Click Login, Test Data=standard_user / secret_sauce, Expected Result=User should successfully login and Products page should be displayed., Identify=Functional}]]>
              </value>
            </param>
          </params>
          <reporter-output>
          </reporter-output>
        </test-method> <!-- verifyPriorityLoginValidation -->
        <test-method is-config="true" signature="tearDown(org.testng.ITestResult)[pri:0, instance:com.saucedemo.ai.tests.LoginRegressionTest@5c5eefef]" started-at="2026-05-27T17:54:12 IST" name="tearDown" finished-at="2026-05-27T17:54:12 IST" duration-ms="449" status="PASS">
          <params>
            <param index="0">
              <value>
                <![CDATA[[TestResult name=verifyPriorityLoginValidation status=SUCCESS method=LoginRegressionTest.verifyPriorityLoginValidation(java.util.Map)[pri:0, instance:com.saucedemo.ai.tests.LoginRegressionTest@5c5eefef] output={null}]]]>
              </value>
            </param>
          </params>
          <reporter-output>
          </reporter-output>
        </test-method> <!-- tearDown -->
        <test-method is-config="true" signature="tearDownSuite()[pri:0, instance:com.saucedemo.ai.tests.LoginRegressionTest@5c5eefef]" started-at="2026-05-27T17:55:09 IST" name="tearDownSuite" finished-at="2026-05-27T17:55:10 IST" duration-ms="880" status="PASS">
          <reporter-output>
          </reporter-output>
        </test-method> <!-- tearDownSuite -->
      </class> <!-- com.saucedemo.ai.tests.LoginRegressionTest -->
      <class name="com.saucedemo.ai.tests.NavigationSecurityRegressionTest">
        <test-method is-config="true" signature="setUp(java.lang.reflect.Method,[Ljava.lang.Object;)[pri:0, instance:com.saucedemo.ai.tests.NavigationSecurityRegressionTest@7e07db1f]" started-at="2026-05-27T17:54:59 IST" name="setUp" finished-at="2026-05-27T17:55:01 IST" duration-ms="2002" status="PASS">
          <params>
            <param index="0">
              <value>
                <![CDATA[public void com.saucedemo.ai.tests.NavigationSecurityRegressionTest.verifyPriorityNavigationSessionAndSecurity(java.util.Map)]]>
              </value>
            </param>
            <param index="1">
              <value>
                <![CDATA[[Ljava.lang.Object;@7d216ee8]]>
              </value>
            </param>
          </params>
          <reporter-output>
          </reporter-output>
        </test-method> <!-- setUp -->
        <test-method signature="verifyPriorityNavigationSessionAndSecurity(java.util.Map)[pri:0, instance:com.saucedemo.ai.tests.NavigationSecurityRegressionTest@7e07db1f]" started-at="2026-05-27T17:55:01 IST" name="verifyPriorityNavigationSessionAndSecurity" data-provider="navigationSecurityPriorityCases" finished-at="2026-05-27T17:55:02 IST" duration-ms="1581" status="PASS">
          <params>
            <param index="0">
              <value>
                <![CDATA[{Test Case ID=TC_040, Scenario ID=SC_009, Scenario Description=Navigation and Logout, Test Case Description=Logout from application, Type=Functional, Priority=High, Test Steps=1. Login
2. Open menu
3. Click Logout, Test Data=Logged-in user, Expected Result=User should return to login page., Identify=Functional}]]>
              </value>
            </param>
          </params>
          <reporter-output>
          </reporter-output>
        </test-method> <!-- verifyPriorityNavigationSessionAndSecurity -->
        <test-method is-config="true" signature="tearDown(org.testng.ITestResult)[pri:0, instance:com.saucedemo.ai.tests.NavigationSecurityRegressionTest@7e07db1f]" started-at="2026-05-27T17:55:02 IST" name="tearDown" finished-at="2026-05-27T17:55:03 IST" duration-ms="390" status="PASS">
          <params>
            <param index="0">
              <value>
                <![CDATA[[TestResult name=verifyPriorityNavigationSessionAndSecurity status=SUCCESS method=NavigationSecurityRegressionTest.verifyPriorityNavigationSessionAndSecurity(java.util.Map)[pri:0, instance:com.saucedemo.ai.tests.NavigationSecurityRegressionTest@7e07db1f] output={null}]]]>
              </value>
            </param>
          </params>
          <reporter-output>
          </reporter-output>
        </test-method> <!-- tearDown -->
        <test-method is-config="true" signature="setUp(java.lang.reflect.Method,[Ljava.lang.Object;)[pri:0, instance:com.saucedemo.ai.tests.NavigationSecurityRegressionTest@7e07db1f]" started-at="2026-05-27T17:55:03 IST" name="setUp" finished-at="2026-05-27T17:55:04 IST" duration-ms="1432" status="PASS">
          <params>
            <param index="0">
              <value>
                <![CDATA[public void com.saucedemo.ai.tests.NavigationSecurityRegressionTest.verifyPriorityNavigationSessionAndSecurity(java.util.Map)]]>
              </value>
            </param>
            <param index="1">
              <value>
                <![CDATA[[Ljava.lang.Object;@74ee97cb]]>
              </value>
            </param>
          </params>
          <reporter-output>
          </reporter-output>
        </test-method> <!-- setUp -->
        <test-method signature="verifyPriorityNavigationSessionAndSecurity(java.util.Map)[pri:0, instance:com.saucedemo.ai.tests.NavigationSecurityRegressionTest@7e07db1f]" started-at="2026-05-27T17:55:04 IST" name="verifyPriorityNavigationSessionAndSecurity" data-provider="navigationSecurityPriorityCases" finished-at="2026-05-27T17:55:04 IST" duration-ms="211" status="PASS">
          <params>
            <param index="0">
              <value>
                <![CDATA[{Test Case ID=TC_045, Scenario ID=SC_011, Scenario Description=Security and Unauthorized Access, Test Case Description=Access products page without login, Type=Security, Priority=High, Test Steps=1. Open products page URL directly without login, Test Data=No session, Expected Result=Access should be blocked and user should be redirected to login., Identify=Security}]]>
              </value>
            </param>
          </params>
          <reporter-output>
          </reporter-output>
        </test-method> <!-- verifyPriorityNavigationSessionAndSecurity -->
        <test-method is-config="true" signature="tearDown(org.testng.ITestResult)[pri:0, instance:com.saucedemo.ai.tests.NavigationSecurityRegressionTest@7e07db1f]" started-at="2026-05-27T17:55:04 IST" name="tearDown" finished-at="2026-05-27T17:55:05 IST" duration-ms="1183" status="PASS">
          <params>
            <param index="0">
              <value>
                <![CDATA[[TestResult name=verifyPriorityNavigationSessionAndSecurity status=SUCCESS method=NavigationSecurityRegressionTest.verifyPriorityNavigationSessionAndSecurity(java.util.Map)[pri:0, instance:com.saucedemo.ai.tests.NavigationSecurityRegressionTest@7e07db1f] output={null}]]]>
              </value>
            </param>
          </params>
          <reporter-output>
          </reporter-output>
        </test-method> <!-- tearDown -->
        <test-method is-config="true" signature="setUp(java.lang.reflect.Method,[Ljava.lang.Object;)[pri:0, instance:com.saucedemo.ai.tests.NavigationSecurityRegressionTest@7e07db1f]" started-at="2026-05-27T17:55:05 IST" name="setUp" finished-at="2026-05-27T17:55:08 IST" duration-ms="2767" status="PASS">
          <params>
            <param index="0">
              <value>
                <![CDATA[public void com.saucedemo.ai.tests.NavigationSecurityRegressionTest.verifyPriorityNavigationSessionAndSecurity(java.util.Map)]]>
              </value>
            </param>
            <param index="1">
              <value>
                <![CDATA[[Ljava.lang.Object;@268e30d4]]>
              </value>
            </param>
          </params>
          <reporter-output>
          </reporter-output>
        </test-method> <!-- setUp -->
        <test-method signature="verifyPriorityNavigationSessionAndSecurity(java.util.Map)[pri:0, instance:com.saucedemo.ai.tests.NavigationSecurityRegressionTest@7e07db1f]" started-at="2026-05-27T17:55:08 IST" name="verifyPriorityNavigationSessionAndSecurity" data-provider="navigationSecurityPriorityCases" finished-at="2026-05-27T17:55:08 IST" duration-ms="192" status="PASS">
          <params>
            <param index="0">
              <value>
                <![CDATA[{Test Case ID=TC_046, Scenario ID=SC_011, Scenario Description=Security and Unauthorized Access, Test Case Description=Access cart page without login, Type=Security, Priority=High, Test Steps=1. Open cart page URL directly without login, Test Data=No session, Expected Result=Access should be blocked and user should be redirected to login., Identify=Security}]]>
              </value>
            </param>
          </params>
          <reporter-output>
          </reporter-output>
        </test-method> <!-- verifyPriorityNavigationSessionAndSecurity -->
        <test-method is-config="true" signature="tearDown(org.testng.ITestResult)[pri:0, instance:com.saucedemo.ai.tests.NavigationSecurityRegressionTest@7e07db1f]" started-at="2026-05-27T17:55:08 IST" name="tearDown" finished-at="2026-05-27T17:55:09 IST" duration-ms="203" status="PASS">
          <params>
            <param index="0">
              <value>
                <![CDATA[[TestResult name=verifyPriorityNavigationSessionAndSecurity status=SUCCESS method=NavigationSecurityRegressionTest.verifyPriorityNavigationSessionAndSecurity(java.util.Map)[pri:0, instance:com.saucedemo.ai.tests.NavigationSecurityRegressionTest@7e07db1f] output={null}]]]>
              </value>
            </param>
          </params>
          <reporter-output>
          </reporter-output>
        </test-method> <!-- tearDown -->
      </class> <!-- com.saucedemo.ai.tests.NavigationSecurityRegressionTest -->
      <class name="com.saucedemo.ai.tests.ProductCatalogRegressionTest">
        <test-method is-config="true" signature="setUp(java.lang.reflect.Method,[Ljava.lang.Object;)[pri:0, instance:com.saucedemo.ai.tests.ProductCatalogRegressionTest@79e2c065]" started-at="2026-05-27T17:54:12 IST" name="setUp" finished-at="2026-05-27T17:54:16 IST" duration-ms="3170" status="PASS">
          <params>
            <param index="0">
              <value>
                <![CDATA[public void com.saucedemo.ai.tests.ProductCatalogRegressionTest.verifyPriorityProductCatalogFeatures(java.util.Map)]]>
              </value>
            </param>
            <param index="1">
              <value>
                <![CDATA[[Ljava.lang.Object;@7c523bdd]]>
              </value>
            </param>
          </params>
          <reporter-output>
          </reporter-output>
        </test-method> <!-- setUp -->
        <test-method signature="verifyPriorityProductCatalogFeatures(java.util.Map)[pri:0, instance:com.saucedemo.ai.tests.ProductCatalogRegressionTest@79e2c065]" started-at="2026-05-27T17:54:16 IST" name="verifyPriorityProductCatalogFeatures" data-provider="productCatalogPriorityCases" finished-at="2026-05-27T17:54:17 IST" duration-ms="1426" status="PASS">
          <params>
            <param index="0">
              <value>
                <![CDATA[{Test Case ID=TC_025, Scenario ID=SC_006, Scenario Description=Product Sorting Validation, Test Case Description=Sort products by Name A to Z, Type=Functional, Priority=Medium, Test Steps=1. Login
2. Select Name A to Z, Test Data=Sort dropdown, Expected Result=Products should be sorted alphabetically A to Z., Identify=Functional}]]>
              </value>
            </param>
          </params>
          <reporter-output>
          </reporter-output>
        </test-method> <!-- verifyPriorityProductCatalogFeatures -->
        <test-method is-config="true" signature="tearDown(org.testng.ITestResult)[pri:0, instance:com.saucedemo.ai.tests.ProductCatalogRegressionTest@79e2c065]" started-at="2026-05-27T17:54:17 IST" name="tearDown" finished-at="2026-05-27T17:54:18 IST" duration-ms="1216" status="PASS">
          <params>
            <param index="0">
              <value>
                <![CDATA[[TestResult name=verifyPriorityProductCatalogFeatures status=SUCCESS method=ProductCatalogRegressionTest.verifyPriorityProductCatalogFeatures(java.util.Map)[pri:0, instance:com.saucedemo.ai.tests.ProductCatalogRegressionTest@79e2c065] output={null}]]]>
              </value>
            </param>
          </params>
          <reporter-output>
          </reporter-output>
        </test-method> <!-- tearDown -->
        <test-method is-config="true" signature="setUp(java.lang.reflect.Method,[Ljava.lang.Object;)[pri:0, instance:com.saucedemo.ai.tests.ProductCatalogRegressionTest@79e2c065]" started-at="2026-05-27T17:54:18 IST" name="setUp" finished-at="2026-05-27T17:54:20 IST" duration-ms="1961" status="PASS">
          <params>
            <param index="0">
              <value>
                <![CDATA[public void com.saucedemo.ai.tests.ProductCatalogRegressionTest.verifyPriorityProductCatalogFeatures(java.util.Map)]]>
              </value>
            </param>
            <param index="1">
              <value>
                <![CDATA[[Ljava.lang.Object;@3741071d]]>
              </value>
            </param>
          </params>
          <reporter-output>
          </reporter-output>
        </test-method> <!-- setUp -->
        <test-method signature="verifyPriorityProductCatalogFeatures(java.util.Map)[pri:0, instance:com.saucedemo.ai.tests.ProductCatalogRegressionTest@79e2c065]" started-at="2026-05-27T17:54:20 IST" name="verifyPriorityProductCatalogFeatures" data-provider="productCatalogPriorityCases" finished-at="2026-05-27T17:54:21 IST" duration-ms="1112" status="PASS">
          <params>
            <param index="0">
              <value>
                <![CDATA[{Test Case ID=TC_027, Scenario ID=SC_006, Scenario Description=Product Sorting Validation, Test Case Description=Sort products by Price low to high, Type=Functional, Priority=Medium, Test Steps=1. Login
2. Select Price low to high, Test Data=Sort dropdown, Expected Result=Products should be sorted by ascending price., Identify=Functional}]]>
              </value>
            </param>
          </params>
          <reporter-output>
          </reporter-output>
        </test-method> <!-- verifyPriorityProductCatalogFeatures -->
        <test-method is-config="true" signature="tearDown(org.testng.ITestResult)[pri:0, instance:com.saucedemo.ai.tests.ProductCatalogRegressionTest@79e2c065]" started-at="2026-05-27T17:54:21 IST" name="tearDown" finished-at="2026-05-27T17:54:22 IST" duration-ms="296" status="PASS">
          <params>
            <param index="0">
              <value>
                <![CDATA[[TestResult name=verifyPriorityProductCatalogFeatures status=SUCCESS method=ProductCatalogRegressionTest.verifyPriorityProductCatalogFeatures(java.util.Map)[pri:0, instance:com.saucedemo.ai.tests.ProductCatalogRegressionTest@79e2c065] output={null}]]]>
              </value>
            </param>
          </params>
          <reporter-output>
          </reporter-output>
        </test-method> <!-- tearDown -->
      </class> <!-- com.saucedemo.ai.tests.ProductCatalogRegressionTest -->
      <class name="com.saucedemo.ai.tests.CheckoutRegressionTest">
        <test-method is-config="true" signature="setUp(java.lang.reflect.Method,[Ljava.lang.Object;)[pri:0, instance:com.saucedemo.ai.tests.CheckoutRegressionTest@35cabb2a]" started-at="2026-05-27T17:54:37 IST" name="setUp" finished-at="2026-05-27T17:54:39 IST" duration-ms="2129" status="PASS">
          <params>
            <param index="0">
              <value>
                <![CDATA[public void com.saucedemo.ai.tests.CheckoutRegressionTest.verifyPriorityCheckoutAndOrderFlow(java.util.Map)]]>
              </value>
            </param>
            <param index="1">
              <value>
                <![CDATA[[Ljava.lang.Object;@28d7bd6b]]>
              </value>
            </param>
          </params>
          <reporter-output>
          </reporter-output>
        </test-method> <!-- setUp -->
        <test-method signature="verifyPriorityCheckoutAndOrderFlow(java.util.Map)[pri:0, instance:com.saucedemo.ai.tests.CheckoutRegressionTest@35cabb2a]" started-at="2026-05-27T17:54:39 IST" name="verifyPriorityCheckoutAndOrderFlow" data-provider="checkoutPriorityCases" finished-at="2026-05-27T17:54:40 IST" duration-ms="1827" status="PASS">
          <params>
            <param index="0">
              <value>
                <![CDATA[{Test Case ID=TC_017, Scenario ID=SC_004, Scenario Description=Checkout Information Validation, Test Case Description=Checkout with valid customer details, Type=Positive, Priority=High, Test Steps=1. Enter first name
2. Enter last name
3. Enter postal code
4. Click Continue, Test Data=Vaibhav / Shinde / 400001, Expected Result=Checkout overview page should be displayed., Identify=Functional}]]>
              </value>
            </param>
          </params>
          <reporter-output>
          </reporter-output>
        </test-method> <!-- verifyPriorityCheckoutAndOrderFlow -->
        <test-method is-config="true" signature="tearDown(org.testng.ITestResult)[pri:0, instance:com.saucedemo.ai.tests.CheckoutRegressionTest@35cabb2a]" started-at="2026-05-27T17:54:40 IST" name="tearDown" finished-at="2026-05-27T17:54:41 IST" duration-ms="386" status="PASS">
          <params>
            <param index="0">
              <value>
                <![CDATA[[TestResult name=verifyPriorityCheckoutAndOrderFlow status=SUCCESS method=CheckoutRegressionTest.verifyPriorityCheckoutAndOrderFlow(java.util.Map)[pri:0, instance:com.saucedemo.ai.tests.CheckoutRegressionTest@35cabb2a] output={null}]]]>
              </value>
            </param>
          </params>
          <reporter-output>
          </reporter-output>
        </test-method> <!-- tearDown -->
        <test-method is-config="true" signature="setUp(java.lang.reflect.Method,[Ljava.lang.Object;)[pri:0, instance:com.saucedemo.ai.tests.CheckoutRegressionTest@35cabb2a]" started-at="2026-05-27T17:54:41 IST" name="setUp" finished-at="2026-05-27T17:54:43 IST" duration-ms="1859" status="PASS">
          <params>
            <param index="0">
              <value>
                <![CDATA[public void com.saucedemo.ai.tests.CheckoutRegressionTest.verifyPriorityCheckoutAndOrderFlow(java.util.Map)]]>
              </value>
            </param>
            <param index="1">
              <value>
                <![CDATA[[Ljava.lang.Object;@7607340f]]>
              </value>
            </param>
          </params>
          <reporter-output>
          </reporter-output>
        </test-method> <!-- setUp -->
        <test-method signature="verifyPriorityCheckoutAndOrderFlow(java.util.Map)[pri:0, instance:com.saucedemo.ai.tests.CheckoutRegressionTest@35cabb2a]" started-at="2026-05-27T17:54:43 IST" name="verifyPriorityCheckoutAndOrderFlow" data-provider="checkoutPriorityCases" finished-at="2026-05-27T17:54:44 IST" duration-ms="1738" status="PASS">
          <params>
            <param index="0">
              <value>
                <![CDATA[{Test Case ID=TC_018, Scenario ID=SC_004, Scenario Description=Checkout Information Validation, Test Case Description=Checkout with blank first name, Type=Negative, Priority=High, Test Steps=1. Keep first name blank
2. Enter other details
3. Click Continue, Test Data=Blank first name, Expected Result=First name required error should be displayed., Identify=UI Validation}]]>
              </value>
            </param>
          </params>
          <reporter-output>
          </reporter-output>
        </test-method> <!-- verifyPriorityCheckoutAndOrderFlow -->
        <test-method is-config="true" signature="tearDown(org.testng.ITestResult)[pri:0, instance:com.saucedemo.ai.tests.CheckoutRegressionTest@35cabb2a]" started-at="2026-05-27T17:54:44 IST" name="tearDown" finished-at="2026-05-27T17:54:45 IST" duration-ms="397" status="PASS">
          <params>
            <param index="0">
              <value>
                <![CDATA[[TestResult name=verifyPriorityCheckoutAndOrderFlow status=SUCCESS method=CheckoutRegressionTest.verifyPriorityCheckoutAndOrderFlow(java.util.Map)[pri:0, instance:com.saucedemo.ai.tests.CheckoutRegressionTest@35cabb2a] output={null}]]]>
              </value>
            </param>
          </params>
          <reporter-output>
          </reporter-output>
        </test-method> <!-- tearDown -->
        <test-method is-config="true" signature="setUp(java.lang.reflect.Method,[Ljava.lang.Object;)[pri:0, instance:com.saucedemo.ai.tests.CheckoutRegressionTest@35cabb2a]" started-at="2026-05-27T17:54:45 IST" name="setUp" finished-at="2026-05-27T17:54:47 IST" duration-ms="2466" status="PASS">
          <params>
            <param index="0">
              <value>
                <![CDATA[public void com.saucedemo.ai.tests.CheckoutRegressionTest.verifyPriorityCheckoutAndOrderFlow(java.util.Map)]]>
              </value>
            </param>
            <param index="1">
              <value>
                <![CDATA[[Ljava.lang.Object;@f472245]]>
              </value>
            </param>
          </params>
          <reporter-output>
          </reporter-output>
        </test-method> <!-- setUp -->
        <test-method signature="verifyPriorityCheckoutAndOrderFlow(java.util.Map)[pri:0, instance:com.saucedemo.ai.tests.CheckoutRegressionTest@35cabb2a]" started-at="2026-05-27T17:54:47 IST" name="verifyPriorityCheckoutAndOrderFlow" data-provider="checkoutPriorityCases" finished-at="2026-05-27T17:54:48 IST" duration-ms="1148" status="PASS">
          <params>
            <param index="0">
              <value>
                <![CDATA[{Test Case ID=TC_019, Scenario ID=SC_004, Scenario Description=Checkout Information Validation, Test Case Description=Checkout with blank last name, Type=Negative, Priority=High, Test Steps=1. Enter first name
2. Keep last name blank
3. Enter postal code
4. Click Continue, Test Data=Blank last name, Expected Result=Last name required error should be displayed., Identify=UI Validation}]]>
              </value>
            </param>
          </params>
          <reporter-output>
          </reporter-output>
        </test-method> <!-- verifyPriorityCheckoutAndOrderFlow -->
        <test-method is-config="true" signature="tearDown(org.testng.ITestResult)[pri:0, instance:com.saucedemo.ai.tests.CheckoutRegressionTest@35cabb2a]" started-at="2026-05-27T17:54:48 IST" name="tearDown" finished-at="2026-05-27T17:54:49 IST" duration-ms="207" status="PASS">
          <params>
            <param index="0">
              <value>
                <![CDATA[[TestResult name=verifyPriorityCheckoutAndOrderFlow status=SUCCESS method=CheckoutRegressionTest.verifyPriorityCheckoutAndOrderFlow(java.util.Map)[pri:0, instance:com.saucedemo.ai.tests.CheckoutRegressionTest@35cabb2a] output={null}]]]>
              </value>
            </param>
          </params>
          <reporter-output>
          </reporter-output>
        </test-method> <!-- tearDown -->
        <test-method is-config="true" signature="setUp(java.lang.reflect.Method,[Ljava.lang.Object;)[pri:0, instance:com.saucedemo.ai.tests.CheckoutRegressionTest@35cabb2a]" started-at="2026-05-27T17:54:49 IST" name="setUp" finished-at="2026-05-27T17:54:50 IST" duration-ms="1376" status="PASS">
          <params>
            <param index="0">
              <value>
                <![CDATA[public void com.saucedemo.ai.tests.CheckoutRegressionTest.verifyPriorityCheckoutAndOrderFlow(java.util.Map)]]>
              </value>
            </param>
            <param index="1">
              <value>
                <![CDATA[[Ljava.lang.Object;@110318a7]]>
              </value>
            </param>
          </params>
          <reporter-output>
          </reporter-output>
        </test-method> <!-- setUp -->
        <test-method signature="verifyPriorityCheckoutAndOrderFlow(java.util.Map)[pri:0, instance:com.saucedemo.ai.tests.CheckoutRegressionTest@35cabb2a]" started-at="2026-05-27T17:54:50 IST" name="verifyPriorityCheckoutAndOrderFlow" data-provider="checkoutPriorityCases" finished-at="2026-05-27T17:54:51 IST" duration-ms="1129" status="PASS">
          <params>
            <param index="0">
              <value>
                <![CDATA[{Test Case ID=TC_020, Scenario ID=SC_004, Scenario Description=Checkout Information Validation, Test Case Description=Checkout with blank postal code, Type=Negative, Priority=High, Test Steps=1. Enter first name and last name
2. Keep postal code blank
3. Click Continue, Test Data=Blank postal code, Expected Result=Postal code required error should be displayed., Identify=UI Validation}]]>
              </value>
            </param>
          </params>
          <reporter-output>
          </reporter-output>
        </test-method> <!-- verifyPriorityCheckoutAndOrderFlow -->
        <test-method is-config="true" signature="tearDown(org.testng.ITestResult)[pri:0, instance:com.saucedemo.ai.tests.CheckoutRegressionTest@35cabb2a]" started-at="2026-05-27T17:54:51 IST" name="tearDown" finished-at="2026-05-27T17:54:51 IST" duration-ms="231" status="PASS">
          <params>
            <param index="0">
              <value>
                <![CDATA[[TestResult name=verifyPriorityCheckoutAndOrderFlow status=SUCCESS method=CheckoutRegressionTest.verifyPriorityCheckoutAndOrderFlow(java.util.Map)[pri:0, instance:com.saucedemo.ai.tests.CheckoutRegressionTest@35cabb2a] output={null}]]]>
              </value>
            </param>
          </params>
          <reporter-output>
          </reporter-output>
        </test-method> <!-- tearDown -->
        <test-method is-config="true" signature="setUp(java.lang.reflect.Method,[Ljava.lang.Object;)[pri:0, instance:com.saucedemo.ai.tests.CheckoutRegressionTest@35cabb2a]" started-at="2026-05-27T17:54:51 IST" name="setUp" finished-at="2026-05-27T17:54:54 IST" duration-ms="2733" status="PASS">
          <params>
            <param index="0">
              <value>
                <![CDATA[public void com.saucedemo.ai.tests.CheckoutRegressionTest.verifyPriorityCheckoutAndOrderFlow(java.util.Map)]]>
              </value>
            </param>
            <param index="1">
              <value>
                <![CDATA[[Ljava.lang.Object;@42ac309]]>
              </value>
            </param>
          </params>
          <reporter-output>
          </reporter-output>
        </test-method> <!-- setUp -->
        <test-method signature="verifyPriorityCheckoutAndOrderFlow(java.util.Map)[pri:0, instance:com.saucedemo.ai.tests.CheckoutRegressionTest@35cabb2a]" started-at="2026-05-27T17:54:54 IST" name="verifyPriorityCheckoutAndOrderFlow" data-provider="checkoutPriorityCases" finished-at="2026-05-27T17:54:55 IST" duration-ms="888" status="PASS">
          <params>
            <param index="0">
              <value>
                <![CDATA[{Test Case ID=TC_022, Scenario ID=SC_005, Scenario Description=Order Completion, Test Case Description=Verify checkout overview details, Type=Functional, Priority=High, Test Steps=1. Add product
2. Complete checkout info
3. Verify overview, Test Data=Valid checkout, Expected Result=Item, price, payment info, shipping info, tax, and total should be visible., Identify=Functional}]]>
              </value>
            </param>
          </params>
          <reporter-output>
          </reporter-output>
        </test-method> <!-- verifyPriorityCheckoutAndOrderFlow -->
        <test-method is-config="true" signature="tearDown(org.testng.ITestResult)[pri:0, instance:com.saucedemo.ai.tests.CheckoutRegressionTest@35cabb2a]" started-at="2026-05-27T17:54:55 IST" name="tearDown" finished-at="2026-05-27T17:54:55 IST" duration-ms="269" status="PASS">
          <params>
            <param index="0">
              <value>
                <![CDATA[[TestResult name=verifyPriorityCheckoutAndOrderFlow status=SUCCESS method=CheckoutRegressionTest.verifyPriorityCheckoutAndOrderFlow(java.util.Map)[pri:0, instance:com.saucedemo.ai.tests.CheckoutRegressionTest@35cabb2a] output={null}]]]>
              </value>
            </param>
          </params>
          <reporter-output>
          </reporter-output>
        </test-method> <!-- tearDown -->
        <test-method is-config="true" signature="setUp(java.lang.reflect.Method,[Ljava.lang.Object;)[pri:0, instance:com.saucedemo.ai.tests.CheckoutRegressionTest@35cabb2a]" started-at="2026-05-27T17:54:55 IST" name="setUp" finished-at="2026-05-27T17:54:57 IST" duration-ms="1598" status="PASS">
          <params>
            <param index="0">
              <value>
                <![CDATA[public void com.saucedemo.ai.tests.CheckoutRegressionTest.verifyPriorityCheckoutAndOrderFlow(java.util.Map)]]>
              </value>
            </param>
            <param index="1">
              <value>
                <![CDATA[[Ljava.lang.Object;@4b4228cf]]>
              </value>
            </param>
          </params>
          <reporter-output>
          </reporter-output>
        </test-method> <!-- setUp -->
        <test-method signature="verifyPriorityCheckoutAndOrderFlow(java.util.Map)[pri:0, instance:com.saucedemo.ai.tests.CheckoutRegressionTest@35cabb2a]" started-at="2026-05-27T17:54:57 IST" name="verifyPriorityCheckoutAndOrderFlow" data-provider="checkoutPriorityCases" finished-at="2026-05-27T17:54:58 IST" duration-ms="1327" status="PASS">
          <params>
            <param index="0">
              <value>
                <![CDATA[{Test Case ID=TC_023, Scenario ID=SC_005, Scenario Description=Order Completion, Test Case Description=Complete order successfully, Type=Positive, Priority=Critical, Test Steps=1. From overview page
2. Click Finish, Test Data=Valid checkout, Expected Result=Order confirmation message should be displayed., Identify=Functional}]]>
              </value>
            </param>
          </params>
          <reporter-output>
          </reporter-output>
        </test-method> <!-- verifyPriorityCheckoutAndOrderFlow -->
        <test-method is-config="true" signature="tearDown(org.testng.ITestResult)[pri:0, instance:com.saucedemo.ai.tests.CheckoutRegressionTest@35cabb2a]" started-at="2026-05-27T17:54:58 IST" name="tearDown" finished-at="2026-05-27T17:54:58 IST" duration-ms="186" status="PASS">
          <params>
            <param index="0">
              <value>
                <![CDATA[[TestResult name=verifyPriorityCheckoutAndOrderFlow status=SUCCESS method=CheckoutRegressionTest.verifyPriorityCheckoutAndOrderFlow(java.util.Map)[pri:0, instance:com.saucedemo.ai.tests.CheckoutRegressionTest@35cabb2a] output={null}]]]>
              </value>
            </param>
          </params>
          <reporter-output>
          </reporter-output>
        </test-method> <!-- tearDown -->
      </class> <!-- com.saucedemo.ai.tests.CheckoutRegressionTest -->
      <class name="com.saucedemo.ai.tests.CartRegressionTest">
        <test-method is-config="true" signature="setUp(java.lang.reflect.Method,[Ljava.lang.Object;)[pri:0, instance:com.saucedemo.ai.tests.CartRegressionTest@3a93b025]" started-at="2026-05-27T17:54:22 IST" name="setUp" finished-at="2026-05-27T17:54:27 IST" duration-ms="4762" status="PASS">
          <params>
            <param index="0">
              <value>
                <![CDATA[public void com.saucedemo.ai.tests.CartRegressionTest.verifyPriorityCartFunctionality(java.util.Map)]]>
              </value>
            </param>
            <param index="1">
              <value>
                <![CDATA[[Ljava.lang.Object;@351d726c]]>
              </value>
            </param>
          </params>
          <reporter-output>
          </reporter-output>
        </test-method> <!-- setUp -->
        <test-method signature="verifyPriorityCartFunctionality(java.util.Map)[pri:0, instance:com.saucedemo.ai.tests.CartRegressionTest@3a93b025]" started-at="2026-05-27T17:54:27 IST" name="verifyPriorityCartFunctionality" data-provider="cartPriorityCases" finished-at="2026-05-27T17:54:29 IST" duration-ms="1848" status="PASS">
          <params>
            <param index="0">
              <value>
                <![CDATA[{Test Case ID=TC_010, Scenario ID=SC_003, Scenario Description=Cart Functionality, Test Case Description=Add one product to cart, Type=Positive, Priority=High, Test Steps=1. Login
2. Click Add to cart on one product, Test Data=Sauce Labs Backpack, Expected Result=Cart badge should display count 1 and button should change to Remove., Identify=Functional}]]>
              </value>
            </param>
          </params>
          <reporter-output>
          </reporter-output>
        </test-method> <!-- verifyPriorityCartFunctionality -->
        <test-method is-config="true" signature="tearDown(org.testng.ITestResult)[pri:0, instance:com.saucedemo.ai.tests.CartRegressionTest@3a93b025]" started-at="2026-05-27T17:54:29 IST" name="tearDown" finished-at="2026-05-27T17:54:29 IST" duration-ms="488" status="PASS">
          <params>
            <param index="0">
              <value>
                <![CDATA[[TestResult name=verifyPriorityCartFunctionality status=SUCCESS method=CartRegressionTest.verifyPriorityCartFunctionality(java.util.Map)[pri:0, instance:com.saucedemo.ai.tests.CartRegressionTest@3a93b025] output={null}]]]>
              </value>
            </param>
          </params>
          <reporter-output>
          </reporter-output>
        </test-method> <!-- tearDown -->
        <test-method is-config="true" signature="setUp(java.lang.reflect.Method,[Ljava.lang.Object;)[pri:0, instance:com.saucedemo.ai.tests.CartRegressionTest@3a93b025]" started-at="2026-05-27T17:54:29 IST" name="setUp" finished-at="2026-05-27T17:54:31 IST" duration-ms="2168" status="PASS">
          <params>
            <param index="0">
              <value>
                <![CDATA[public void com.saucedemo.ai.tests.CartRegressionTest.verifyPriorityCartFunctionality(java.util.Map)]]>
              </value>
            </param>
            <param index="1">
              <value>
                <![CDATA[[Ljava.lang.Object;@7af0693b]]>
              </value>
            </param>
          </params>
          <reporter-output>
          </reporter-output>
        </test-method> <!-- setUp -->
        <test-method signature="verifyPriorityCartFunctionality(java.util.Map)[pri:0, instance:com.saucedemo.ai.tests.CartRegressionTest@3a93b025]" started-at="2026-05-27T17:54:31 IST" name="verifyPriorityCartFunctionality" data-provider="cartPriorityCases" finished-at="2026-05-27T17:54:32 IST" duration-ms="1135" status="PASS">
          <params>
            <param index="0">
              <value>
                <![CDATA[{Test Case ID=TC_013, Scenario ID=SC_003, Scenario Description=Cart Functionality, Test Case Description=Open cart after adding product, Type=Functional, Priority=High, Test Steps=1. Add product
2. Click cart icon, Test Data=Added product, Expected Result=Cart page should show selected product details., Identify=Functional}]]>
              </value>
            </param>
          </params>
          <reporter-output>
          </reporter-output>
        </test-method> <!-- verifyPriorityCartFunctionality -->
        <test-method is-config="true" signature="tearDown(org.testng.ITestResult)[pri:0, instance:com.saucedemo.ai.tests.CartRegressionTest@3a93b025]" started-at="2026-05-27T17:54:32 IST" name="tearDown" finished-at="2026-05-27T17:54:33 IST" duration-ms="397" status="PASS">
          <params>
            <param index="0">
              <value>
                <![CDATA[[TestResult name=verifyPriorityCartFunctionality status=SUCCESS method=CartRegressionTest.verifyPriorityCartFunctionality(java.util.Map)[pri:0, instance:com.saucedemo.ai.tests.CartRegressionTest@3a93b025] output={null}]]]>
              </value>
            </param>
          </params>
          <reporter-output>
          </reporter-output>
        </test-method> <!-- tearDown -->
        <test-method is-config="true" signature="setUp(java.lang.reflect.Method,[Ljava.lang.Object;)[pri:0, instance:com.saucedemo.ai.tests.CartRegressionTest@3a93b025]" started-at="2026-05-27T17:54:33 IST" name="setUp" finished-at="2026-05-27T17:54:35 IST" duration-ms="1766" status="PASS">
          <params>
            <param index="0">
              <value>
                <![CDATA[public void com.saucedemo.ai.tests.CartRegressionTest.verifyPriorityCartFunctionality(java.util.Map)]]>
              </value>
            </param>
            <param index="1">
              <value>
                <![CDATA[[Ljava.lang.Object;@1791396b]]>
              </value>
            </param>
          </params>
          <reporter-output>
          </reporter-output>
        </test-method> <!-- setUp -->
        <test-method signature="verifyPriorityCartFunctionality(java.util.Map)[pri:0, instance:com.saucedemo.ai.tests.CartRegressionTest@3a93b025]" started-at="2026-05-27T17:54:35 IST" name="verifyPriorityCartFunctionality" data-provider="cartPriorityCases" finished-at="2026-05-27T17:54:36 IST" duration-ms="1332" status="PASS">
          <params>
            <param index="0">
              <value>
                <![CDATA[{Test Case ID=TC_031, Scenario ID=SC_007, Scenario Description=Edge Case Validation, Test Case Description=Refresh browser after adding product, Type=Edge, Priority=Medium, Test Steps=1. Add product
2. Refresh browser, Test Data=Added product, Expected Result=Cart state should remain consistent after refresh., Identify=Edge}]]>
              </value>
            </param>
          </params>
          <reporter-output>
          </reporter-output>
        </test-method> <!-- verifyPriorityCartFunctionality -->
        <test-method is-config="true" signature="tearDown(org.testng.ITestResult)[pri:0, instance:com.saucedemo.ai.tests.CartRegressionTest@3a93b025]" started-at="2026-05-27T17:54:36 IST" name="tearDown" finished-at="2026-05-27T17:54:36 IST" duration-ms="424" status="PASS">
          <params>
            <param index="0">
              <value>
                <![CDATA[[TestResult name=verifyPriorityCartFunctionality status=SUCCESS method=CartRegressionTest.verifyPriorityCartFunctionality(java.util.Map)[pri:0, instance:com.saucedemo.ai.tests.CartRegressionTest@3a93b025] output={null}]]]>
              </value>
            </param>
          </params>
          <reporter-output>
          </reporter-output>
        </test-method> <!-- tearDown -->
      </class> <!-- com.saucedemo.ai.tests.CartRegressionTest -->
    </test> <!-- Priority Regression Tests -->
  </suite> <!-- SauceDemo Priority Regression Suite -->
</testng-results>
