<?xml version="1.0" encoding="UTF-8"?>
<testsuite xmlns:xsi="http://www.w3.org/2001/XMLSchema-instance" xsi:noNamespaceSchemaLocation="https://maven.apache.org/surefire/maven-surefire-plugin/xsd/surefire-test-report-3.0.xsd" version="3.0" name="com.saucedemo.ai.tests.LoginRegressionTest" time="22.276" tests="6" errors="0" skipped="0" failures="0">
  <properties>
[...]
</properties>
  <testcase name="verifyLoginValidation[{Test Case ID=TC_001, Scenario ID=SC_001, Scenario Description=User Login Validation, Test Case Description=Login with valid credentials, Type=Positive, Priority=High, Test Steps=1. Open https://www.saucedemo.com/&#10;2. Enter valid username&#10;3. Enter valid password&#10;4. Click Login, Test Data=standard_user / secret_sauce, Expected Result=User should successfully login and Products page should be displayed., Identify=Functional}](1)" classname="com.saucedemo.ai.tests.LoginRegressionTest" time="0.494">
    <system-err><![CDATA[SLF4J: Failed to load class "org.slf4j.impl.StaticLoggerBinder".
SLF4J: Defaulting to no-operation (NOP) logger implementation
SLF4J: See http://www.slf4j.org/codes.html#StaticLoggerBinder for further details.
ERROR StatusLogger Log4j2 could not find a logging implementation. Please add log4j-core to the classpath. Using SimpleLogger to log to the console...
May 27, 2026 5:04:53 PM org.openqa.selenium.devtools.CdpVersionFinder findNearestMatch
WARNING: Unable to find CDP implementation matching 148
May 27, 2026 5:04:53 PM org.openqa.selenium.chromium.ChromiumDriver lambda$new$5
WARNING: Unable to find version of CDP to use for 148.0.7778.179. You may need to include a dependency on a specific version of the CDP using something similar to `org.seleniumhq.selenium:selenium-devtools-v86:4.14.0` where the version ("v86") matches the version of the chromium-based browser you're using and the version number of the artifact is the same as Selenium's.
]]></system-err>
  </testcase>
  <testcase name="verifyLoginValidation[{Test Case ID=TC_002, Scenario ID=SC_001, Scenario Description=User Login Validation, Test Case Description=Login with invalid password, Type=Negative, Priority=High, Test Steps=1. Open login page&#10;2. Enter valid username&#10;3. Enter invalid password&#10;4. Click Login, Test Data=standard_user / wrong123, Expected Result=Application should display login failure error message., Identify=Functional}](2)" classname="com.saucedemo.ai.tests.LoginRegressionTest" time="0.468">
    <system-err><![CDATA[May 27, 2026 5:04:57 PM org.openqa.selenium.devtools.CdpVersionFinder findNearestMatch
WARNING: Unable to find CDP implementation matching 148
May 27, 2026 5:04:57 PM org.openqa.selenium.chromium.ChromiumDriver lambda$new$5
WARNING: Unable to find version of CDP to use for 148.0.7778.179. You may need to include a dependency on a specific version of the CDP using something similar to `org.seleniumhq.selenium:selenium-devtools-v86:4.14.0` where the version ("v86") matches the version of the chromium-based browser you're using and the version number of the artifact is the same as Selenium's.
]]></system-err>
  </testcase>
  <testcase name="verifyLoginValidation[{Test Case ID=TC_003, Scenario ID=SC_001, Scenario Description=User Login Validation, Test Case Description=Login with blank username and password, Type=Negative, Priority=High, Test Steps=1. Open login page&#10;2. Keep username blank&#10;3. Keep password blank&#10;4. Click Login, Test Data=Blank username and password, Expected Result=Username required validation message should be displayed., Identify=UI Validation}](3)" classname="com.saucedemo.ai.tests.LoginRegressionTest" time="0.509">
    <system-err><![CDATA[May 27, 2026 5:05:01 PM org.openqa.selenium.devtools.CdpVersionFinder findNearestMatch
WARNING: Unable to find CDP implementation matching 148
May 27, 2026 5:05:01 PM org.openqa.selenium.chromium.ChromiumDriver lambda$new$5
WARNING: Unable to find version of CDP to use for 148.0.7778.179. You may need to include a dependency on a specific version of the CDP using something similar to `org.seleniumhq.selenium:selenium-devtools-v86:4.14.0` where the version ("v86") matches the version of the chromium-based browser you're using and the version number of the artifact is the same as Selenium's.
]]></system-err>
  </testcase>
  <testcase name="verifyLoginValidation[{Test Case ID=TC_004, Scenario ID=SC_001, Scenario Description=User Login Validation, Test Case Description=Login with blank password, Type=Negative, Priority=High, Test Steps=1. Enter username&#10;2. Keep password blank&#10;3. Click Login, Test Data=standard_user / blank password, Expected Result=Password required validation message should be displayed., Identify=UI Validation}](4)" classname="com.saucedemo.ai.tests.LoginRegressionTest" time="0.7">
    <system-err><![CDATA[May 27, 2026 5:05:03 PM org.openqa.selenium.devtools.CdpVersionFinder findNearestMatch
WARNING: Unable to find CDP implementation matching 148
May 27, 2026 5:05:03 PM org.openqa.selenium.chromium.ChromiumDriver lambda$new$5
WARNING: Unable to find version of CDP to use for 148.0.7778.179. You may need to include a dependency on a specific version of the CDP using something similar to `org.seleniumhq.selenium:selenium-devtools-v86:4.14.0` where the version ("v86") matches the version of the chromium-based browser you're using and the version number of the artifact is the same as Selenium's.
]]></system-err>
  </testcase>
  <testcase name="verifyLoginValidation[{Test Case ID=TC_005, Scenario ID=SC_001, Scenario Description=User Login Validation, Test Case Description=Login with locked user, Type=Negative, Priority=High, Test Steps=1. Enter locked user credentials&#10;2. Click Login, Test Data=locked_out_user / secret_sauce, Expected Result=Locked out user error should be displayed., Identify=Functional}](5)" classname="com.saucedemo.ai.tests.LoginRegressionTest" time="0.636">
    <system-err><![CDATA[May 27, 2026 5:05:06 PM org.openqa.selenium.devtools.CdpVersionFinder findNearestMatch
WARNING: Unable to find CDP implementation matching 148
May 27, 2026 5:05:06 PM org.openqa.selenium.chromium.ChromiumDriver lambda$new$5
WARNING: Unable to find version of CDP to use for 148.0.7778.179. You may need to include a dependency on a specific version of the CDP using something similar to `org.seleniumhq.selenium:selenium-devtools-v86:4.14.0` where the version ("v86") matches the version of the chromium-based browser you're using and the version number of the artifact is the same as Selenium's.
]]></system-err>
  </testcase>
  <testcase name="verifyPriorityLoginValidation[{Test Case ID=TC_001, Scenario ID=SC_001, Scenario Description=User Login Validation, Test Case Description=Login with valid credentials, Type=Positive, Priority=High, Test Steps=1. Open https://www.saucedemo.com/&#10;2. Enter valid username&#10;3. Enter valid password&#10;4. Click Login, Test Data=standard_user / secret_sauce, Expected Result=User should successfully login and Products page should be displayed., Identify=Functional}](1)" classname="com.saucedemo.ai.tests.LoginRegressionTest" time="0.558">
    <system-err><![CDATA[May 27, 2026 5:05:10 PM org.openqa.selenium.devtools.CdpVersionFinder findNearestMatch
WARNING: Unable to find CDP implementation matching 148
May 27, 2026 5:05:10 PM org.openqa.selenium.chromium.ChromiumDriver lambda$new$5
WARNING: Unable to find version of CDP to use for 148.0.7778.179. You may need to include a dependency on a specific version of the CDP using something similar to `org.seleniumhq.selenium:selenium-devtools-v86:4.14.0` where the version ("v86") matches the version of the chromium-based browser you're using and the version number of the artifact is the same as Selenium's.
]]></system-err>
  </testcase>
</testsuite>