<?xml version="1.0" encoding="UTF-8"?>
<!-- Generated by org.testng.reporters.JUnitXMLReporter -->
<testsuite ignored="0" hostname="AishwaryaShinde" failures="3" tests="28" name="Excel Regression Test Cases" time="510.636" errors="0" timestamp="2026-05-25T21:24:42 IST">
  <testcase classname="org.aiautomationproject.qa.tests.AuthenticationRegressionTest" name="verifyLoginWithBlankEmailAndPassword" time="0.893"/>
  <testcase classname="org.aiautomationproject.qa.tests.AuthenticationRegressionTest" name="verifyLoginWithBlankEmailAndValidPassword" time="1.092"/>
  <testcase classname="org.aiautomationproject.qa.tests.AuthenticationRegressionTest" name="verifyLoginWithInvalidPassword" time="11.756"/>
  <testcase classname="org.aiautomationproject.qa.tests.AuthenticationRegressionTest" name="verifyLoginWithUnregisteredEmail" time="2.308"/>
  <testcase classname="org.aiautomationproject.qa.tests.AuthenticationRegressionTest" name="verifyLogoutAfterOrderPlacement" time="18.927"/>
  <testcase classname="org.aiautomationproject.qa.tests.CartRegressionTest" name="verifyAddingMultipleProductsToCart" time="8.908"/>
  <testcase classname="org.aiautomationproject.qa.tests.CartRegressionTest" name="verifyAddingProductToCartFromListingPage" time="9.536"/>
  <testcase classname="org.aiautomationproject.qa.tests.CartRegressionTest" name="verifyCartPersistenceAfterPageRefresh" time="9.861"/>
  <testcase classname="org.aiautomationproject.qa.tests.CartRegressionTest" name="verifyDuplicateProductAdditionIncreasesQuantity" time="14.119"/>
  <testcase classname="org.aiautomationproject.qa.tests.CartRegressionTest" name="verifyRemovingProductFromCart" time="29.341"/>
  <testcase classname="org.aiautomationproject.qa.tests.CheckoutRegressionTest" name="verifyCheckoutCommentAcceptsValidText" time="15.21"/>
  <testcase classname="org.aiautomationproject.qa.tests.CheckoutRegressionTest" name="verifyCheckoutWithEmptyCartIsNotAllowed" time="11.569"/>
  <testcase classname="org.aiautomationproject.qa.tests.CheckoutRegressionTest" name="verifyCheckoutWithProductForLoggedInUser" time="25.278">
    <failure type="org.openqa.selenium.TimeoutException" message="Expected condition failed: waiting for org.aiautomationproject.qa.utils.WaitUtils$$Lambda/0x0000014f012aa710@4b20b431 (tried for 15 second(s) with 500 milliseconds interval)">
      <![CDATA[org.openqa.selenium.TimeoutException: Expected condition failed: waiting for org.aiautomationproject.qa.utils.WaitUtils$$Lambda/0x0000014f012aa710@4b20b431 (tried for 15 second(s) with 500 milliseconds interval)
at org.openqa.selenium.support.ui.WebDriverWait.timeoutException(WebDriverWait.java:84)
at org.openqa.selenium.support.ui.FluentWait.until(FluentWait.java:228)
at org.aiautomationproject.qa.utils.WaitUtils.clickable(WaitUtils.java:24)
at org.aiautomationproject.qa.pages.BasePage.click(BasePage.java:21)
at org.aiautomationproject.qa.pages.HeaderPage.openProducts(HeaderPage.java:39)
at org.aiautomationproject.qa.tests.RegressionTestBase.addDefaultProductToCart(RegressionTestBase.java:34)
at org.aiautomationproject.qa.tests.RegressionTestBase.openCheckoutWithDefaultProduct(RegressionTestBase.java:39)
at org.aiautomationproject.qa.tests.CheckoutRegressionTest.verifyCheckoutWithProductForLoggedInUser(CheckoutRegressionTest.java:14)
at java.base/java.util.ArrayList.forEach(ArrayList.java:1596)
Caused by: org.openqa.selenium.NoSuchElementException: Unable to locate visible element 'Products navigation' using [By.cssSelector: a[href='/products'], By.xpath: //a[contains(normalize-space(),'Products')]]
For documentation on this error, please visit: https://www.selenium.dev/documentation/webdriver/troubleshooting/errors#no-such-element-exception
Build info: version: '4.21.0', revision: '79ed462ef4'
System info: os.name: 'Windows 11', os.arch: 'amd64', os.version: '10.0', java.version: '21.0.10'
Driver info: driver.version: unknown
at org.aiautomationproject.qa.utils.SmartLocator.findVisible(SmartLocator.java:43)
at org.aiautomationproject.qa.utils.WaitUtils.lambda$clickable$1(WaitUtils.java:24)
at org.openqa.selenium.support.ui.FluentWait.until(FluentWait.java:203)
... 36 more
... Removed 29 stack frames]]>
    </failure>
  </testcase> <!-- verifyCheckoutWithProductForLoggedInUser -->
  <testcase classname="org.aiautomationproject.qa.tests.CheckoutRegressionTest" name="verifyDeliveryAddressDisplayedDuringCheckout" time="16.827"/>
  <testcase classname="org.aiautomationproject.qa.tests.CheckoutRegressionTest" name="verifyOrderSummaryDuringCheckout" time="16.665"/>
  <testcase classname="org.aiautomationproject.qa.tests.CheckoutRegressionTest" name="verifyRemovingProductBlocksOrderPlacement" time="14.672"/>
  <testcase classname="org.aiautomationproject.qa.tests.StockRegressionTest" name="verifyAbnormalHighQuantityHandling" time="13.932"/>
  <testcase classname="org.aiautomationproject.qa.tests.StockRegressionTest" name="verifyZeroOrNegativeQuantityIsNotAccepted" time="14.992">
    <failure type="java.lang.AssertionError" message="expected [true] but found [false]">
      <![CDATA[java.lang.AssertionError: expected [true] but found [false]
at org.aiautomationproject.qa.tests.StockRegressionTest.verifyZeroOrNegativeQuantityIsNotAccepted(StockRegressionTest.java:33)
at java.base/java.util.ArrayList.forEach(ArrayList.java:1596)
... Removed 33 stack frames]]>
    </failure>
  </testcase> <!-- verifyZeroOrNegativeQuantityIsNotAccepted -->
  <testcase classname="org.aiautomationproject.qa.tests.PaymentRegressionTest" name="verifyPaymentWithBlankMandatoryPaymentFields" time="15.974"/>
  <testcase classname="org.aiautomationproject.qa.tests.PaymentRegressionTest" name="verifyPaymentWithInvalidCardNumber" time="21.58">
    <failure type="java.lang.AssertionError" message="Invalid card should not place the order expected [false] but found [true]">
      <![CDATA[java.lang.AssertionError: Invalid card should not place the order expected [false] but found [true]
at org.aiautomationproject.qa.tests.PaymentRegressionTest.verifyPaymentWithInvalidCardNumber(PaymentRegressionTest.java:28)
at java.base/java.util.ArrayList.forEach(ArrayList.java:1596)
... Removed 32 stack frames]]>
    </failure>
  </testcase> <!-- verifyPaymentWithInvalidCardNumber -->
  <testcase classname="org.aiautomationproject.qa.tests.PaymentRegressionTest" name="verifySuccessfulPaymentUsingValidCardDetails" time="20.54"/>
  <testcase classname="org.aiautomationproject.qa.tests.SecurityRegressionTest" name="verifyCardDetailsAreNotExposedAfterPayment" time="20.498"/>
  <testcase classname="org.aiautomationproject.qa.tests.SecurityRegressionTest" name="verifyDirectCheckoutUrlAccessWithoutLoginIsRestricted" time="0.786"/>
  <testcase classname="org.aiautomationproject.qa.tests.SecurityRegressionTest" name="verifyProtectedPageCannotBeAccessedAfterLogout" time="13.212"/>
  <testcase classname="org.aiautomationproject.qa.tests.SecurityRegressionTest" name="verifySqlInjectionAttemptOnLoginFields" time="1.954"/>
  <testcase classname="org.aiautomationproject.qa.tests.SecurityRegressionTest" name="verifyXssPayloadInCheckoutCommentField" time="20.443"/>
  <testcase classname="org.aiautomationproject.qa.tests.SecurityRegressionTest" name="verifyXssPayloadInProductSearchField" time="3.482"/>
  <testcase classname="org.aiautomationproject.qa.tests.PurchaseProductTest" name="customerCanPurchaseProductSuccessfully" time="51.84"/>
</testsuite> <!-- Excel Regression Test Cases -->
