<?xml version="1.0" encoding="UTF-8"?>
<!-- Generated by org.testng.reporters.JUnitReportReporter -->
<testsuite hostname="AishwaryaShinde" failures="0" tests="6" name="com.saucedemo.ai.tests.CheckoutRegressionTest" time="21.894" errors="0" timestamp="2026-05-27T17:55:10 IST" skipped="0">
  <testcase classname="com.saucedemo.ai.tests.CheckoutRegressionTest" name="verifyPriorityCheckoutAndOrderFlow" time="4.248"/>
  <testcase classname="com.saucedemo.ai.tests.CheckoutRegressionTest" name="verifyPriorityCheckoutAndOrderFlow" time="4.353"/>
  <testcase classname="com.saucedemo.ai.tests.CheckoutRegressionTest" name="verifyPriorityCheckoutAndOrderFlow" time="2.954"/>
  <testcase classname="com.saucedemo.ai.tests.CheckoutRegressionTest" name="verifyPriorityCheckoutAndOrderFlow" time="3.156"/>
  <testcase classname="com.saucedemo.ai.tests.CheckoutRegressionTest" name="verifyPriorityCheckoutAndOrderFlow" time="3.383"/>
  <testcase classname="com.saucedemo.ai.tests.CheckoutRegressionTest" name="verifyPriorityCheckoutAndOrderFlow" time="3.800"/>
</testsuite> <!-- com.saucedemo.ai.tests.CheckoutRegressionTest -->
