<?xml version="1.0" encoding="UTF-8"?>
<!-- Generated by org.testng.reporters.JUnitReportReporter -->
<testsuite hostname="AishwaryaShinde" failures="0" tests="3" name="com.saucedemo.ai.tests.NavigationSecurityRegressionTest" time="9.961" errors="0" timestamp="2026-05-27T17:55:10 IST" skipped="0">
  <testcase classname="com.saucedemo.ai.tests.NavigationSecurityRegressionTest" name="verifyPriorityNavigationSessionAndSecurity" time="3.216"/>
  <testcase classname="com.saucedemo.ai.tests.NavigationSecurityRegressionTest" name="verifyPriorityNavigationSessionAndSecurity" time="3.349"/>
  <testcase classname="com.saucedemo.ai.tests.NavigationSecurityRegressionTest" name="verifyPriorityNavigationSessionAndSecurity" time="3.396"/>
</testsuite> <!-- com.saucedemo.ai.tests.NavigationSecurityRegressionTest -->
