<?xml version="1.0" encoding="UTF-8"?>
<!-- Generated by org.testng.reporters.JUnitReportReporter -->
<testsuite hostname="AishwaryaShinde" failures="0" tests="3" name="com.saucedemo.ai.tests.CartRegressionTest" time="14.320" errors="0" timestamp="2026-05-27T17:55:10 IST" skipped="0">
  <testcase classname="com.saucedemo.ai.tests.CartRegressionTest" name="verifyPriorityCartFunctionality" time="4.413"/>
  <testcase classname="com.saucedemo.ai.tests.CartRegressionTest" name="verifyPriorityCartFunctionality" time="6.385"/>
  <testcase classname="com.saucedemo.ai.tests.CartRegressionTest" name="verifyPriorityCartFunctionality" time="3.522"/>
</testsuite> <!-- com.saucedemo.ai.tests.CartRegressionTest -->
